Arguments: 
  /home/laradock/.nvm/versions/node/v13.3.0/bin/node /home/laradock/.yarn/bin/yarn.js init

PATH: 
  /home/laradock/.yarn/bin:/home/laradock/.yarn/bin:/home/laradock/.config/yarn/global/node_modules/.bin:/home/laradock/.nvm/versions/node/v13.3.0/bin:/var/www/vendor/bin:~/.composer/vendor/bin:/usr/local/sbin:/usr/local/bin:/usr/sbin:/usr/bin:/sbin:/bin:/home/laradock/.node-bin:/home/laradock/.yarn/bin

Yarn version: 
  1.19.2

Node version: 
  13.3.0

Platform: 
  linux x64

Trace: 
  Error: canceled
      at Interface.<anonymous> (/home/laradock/.yarn/lib/cli.js:136846:13)
      at Interface.emit (events.js:219:5)
      at Interface._ttyWrite (readline.js:894:16)
      at ReadStream.onkeypress (readline.js:200:10)
      at ReadStream.emit (events.js:219:5)
      at emitKeys (internal/readline/utils.js:438:14)
      at emitKeys.next (<anonymous>)
      at ReadStream.onData (readline.js:1160:36)
      at ReadStream.emit (events.js:219:5)
      at addChunk (_stream_readable.js:332:12)

npm manifest: 
  No manifest

yarn manifest: 
  No manifest

Lockfile: 
  # THIS IS AN AUTOGENERATED FILE. DO NOT EDIT THIS FILE DIRECTLY.
  # yarn lockfile v1
